<?xml version="1.0" encoding="UTF-8"?>
<testsuite name="WallServiceTest" tests="3" skipped="0" failures="0" errors="0" timestamp="2022-05-15T16:15:26" hostname="DESKTOP-C87IGSG" time="0.055">
  <properties/>
  <testcase name="add()" classname="WallServiceTest" time="0.026"/>
  <testcase name="updateReturnTrue()" classname="WallServiceTest" time="0.027"/>
  <testcase name="updateReturnFalse()" classname="WallServiceTest" time="0.001"/>
  <system-out><![CDATA[]]></system-out>
  <system-err><![CDATA[]]></system-err>
</testsuite>
