<?xml version="1.0" encoding="UTF-8"?>
<testsuite name="WallServiceTest" tests="5" skipped="0" failures="0" errors="0" timestamp="2022-05-25T14:29:30" hostname="DESKTOP-C87IGSG" time="0.051">
  <properties/>
  <testcase name="creatCommentsTrue" classname="WallServiceTest" time="0.014"/>
  <testcase name="add" classname="WallServiceTest" time="0.035"/>
  <testcase name="updateReturnTrue" classname="WallServiceTest" time="0.002"/>
  <testcase name="creatCommentsFalse" classname="WallServiceTest" time="0.0"/>
  <testcase name="updateReturnFalse" classname="WallServiceTest" time="0.0"/>
  <system-out><![CDATA[]]></system-out>
  <system-err><![CDATA[]]></system-err>
</testsuite>
